{"uuid":"0ac44941-ce0d-4eef-8121-09c9c4e09ba9","historyId":"433c1f2ce91b07b8204c487d071402fc","fullName":"HomePageTests.shouldLogin","labels":[{"name":"package","value":"HomePageTests"},{"name":"testClass","value":"HomePageTests"},{"name":"testMethod","value":"shouldLogin"},{"name":"parentSuite","value":"Default Suite"},{"name":"suite","value":"certviewerQA"},{"name":"subSuite","value":"HomePageTests"},{"name":"host","value":"LCE54780"},{"name":"thread","value":"1128@LCE54780.main(1)"},{"name":"framework","value":"testng"},{"name":"language","value":"java"}],"links":[],"name":"shouldLogin","status":"skipped","statusDetails":{"known":false,"muted":false,"flaky":false,"message":"Error {\n  message='net::ERR_NAME_NOT_RESOLVED at https://certviewer-00.azurewebsites.net/\n=========================== logs ===========================\nnavigating to \"https://certviewer-00.azurewebsites.net/\", waiting until \"load\"\n============================================================\n  name='Error\n  stack='Error: net::ERR_NAME_NOT_RESOLVED at https://certviewer-00.azurewebsites.net/\n=========================== logs ===========================\nnavigating to \"https://certviewer-00.azurewebsites.net/\", waiting until \"load\"\n============================================================\n    at FrameSession._navigate (C:\\Users\\jjakubia\\AppData\\Local\\Temp\\playwright-java-6912801402552937580\\package\\lib\\server\\chromium\\crPage.js:509:35)\n    at async Frame._gotoAction (C:\\Users\\jjakubia\\AppData\\Local\\Temp\\playwright-java-6912801402552937580\\package\\lib\\server\\frames.js:534:28)\n    at async ProgressController.run (C:\\Users\\jjakubia\\AppData\\Local\\Temp\\playwright-java-6912801402552937580\\package\\lib\\server\\progress.js:92:22)\n    at async FrameDispatcher.goto (C:\\Users\\jjakubia\\AppData\\Local\\Temp\\playwright-java-6912801402552937580\\package\\lib\\server\\dispatchers\\frameDispatcher.js:75:103)\n    at async DispatcherConnection.dispatch (C:\\Users\\jjakubia\\AppData\\Local\\Temp\\playwright-java-6912801402552937580\\package\\lib\\server\\dispatchers\\dispatcher.js:319:22)\n}","trace":"com.microsoft.playwright.PlaywrightException: Error {\n  message='net::ERR_NAME_NOT_RESOLVED at https://certviewer-00.azurewebsites.net/\n=========================== logs ===========================\nnavigating to \"https://certviewer-00.azurewebsites.net/\", waiting until \"load\"\n============================================================\n  name='Error\n  stack='Error: net::ERR_NAME_NOT_RESOLVED at https://certviewer-00.azurewebsites.net/\n=========================== logs ===========================\nnavigating to \"https://certviewer-00.azurewebsites.net/\", waiting until \"load\"\n============================================================\n    at FrameSession._navigate (C:\\Users\\jjakubia\\AppData\\Local\\Temp\\playwright-java-6912801402552937580\\package\\lib\\server\\chromium\\crPage.js:509:35)\n    at async Frame._gotoAction (C:\\Users\\jjakubia\\AppData\\Local\\Temp\\playwright-java-6912801402552937580\\package\\lib\\server\\frames.js:534:28)\n    at async ProgressController.run (C:\\Users\\jjakubia\\AppData\\Local\\Temp\\playwright-java-6912801402552937580\\package\\lib\\server\\progress.js:92:22)\n    at async FrameDispatcher.goto (C:\\Users\\jjakubia\\AppData\\Local\\Temp\\playwright-java-6912801402552937580\\package\\lib\\server\\dispatchers\\frameDispatcher.js:75:103)\n    at async DispatcherConnection.dispatch (C:\\Users\\jjakubia\\AppData\\Local\\Temp\\playwright-java-6912801402552937580\\package\\lib\\server\\dispatchers\\dispatcher.js:319:22)\n}\r\n\tat com.microsoft.playwright.impl.WaitableResult.get(WaitableResult.java:54)\r\n\tat com.microsoft.playwright.impl.ChannelOwner.runUntil(ChannelOwner.java:111)\r\n\tat com.microsoft.playwright.impl.Connection.sendMessage(Connection.java:119)\r\n\tat com.microsoft.playwright.impl.ChannelOwner.sendMessage(ChannelOwner.java:102)\r\n\tat com.microsoft.playwright.impl.FrameImpl.navigateImpl(FrameImpl.java:463)\r\n\tat com.microsoft.playwright.impl.PageImpl.lambda$navigate$45(PageImpl.java:850)\r\n\tat com.microsoft.playwright.impl.LoggingSupport.withLogging(LoggingSupport.java:47)\r\n\tat com.microsoft.playwright.impl.ChannelOwner.withLogging(ChannelOwner.java:87)\r\n\tat com.microsoft.playwright.impl.PageImpl.navigate(PageImpl.java:850)\r\n\tat com.microsoft.playwright.impl.PageImpl.navigate(PageImpl.java:41)\r\n\tat com.microsoft.playwright.Page.navigate(Page.java:5167)\r\n\tat pages.HomePage.load(HomePage.java:26)\r\n\tat HomePageTests.setUp(HomePageTests.java:16)\r\n\tat java.base/jdk.internal.reflect.DirectMethodHandleAccessor.invoke(DirectMethodHandleAccessor.java:104)\r\n\tat java.base/java.lang.reflect.Method.invoke(Method.java:578)\r\n\tat org.testng.internal.invokers.MethodInvocationHelper.invokeMethod(MethodInvocationHelper.java:139)\r\n\tat org.testng.internal.invokers.MethodInvocationHelper.invokeMethodConsideringTimeout(MethodInvocationHelper.java:69)\r\n\tat org.testng.internal.invokers.ConfigInvoker.invokeConfigurationMethod(ConfigInvoker.java:361)\r\n\tat org.testng.internal.invokers.ConfigInvoker.invokeConfigurations(ConfigInvoker.java:296)\r\n\tat org.testng.internal.invokers.TestInvoker.runConfigMethods(TestInvoker.java:823)\r\n\tat org.testng.internal.invokers.TestInvoker.invokeMethod(TestInvoker.java:590)\r\n\tat org.testng.internal.invokers.TestInvoker.invokeTestMethod(TestInvoker.java:221)\r\n\tat org.testng.internal.invokers.MethodRunner.runInSequence(MethodRunner.java:50)\r\n\tat org.testng.internal.invokers.TestInvoker$MethodInvocationAgent.invoke(TestInvoker.java:969)\r\n\tat org.testng.internal.invokers.TestInvoker.invokeTestMethods(TestInvoker.java:194)\r\n\tat org.testng.internal.invokers.TestMethodWorker.invokeTestMethods(TestMethodWorker.java:148)\r\n\tat org.testng.internal.invokers.TestMethodWorker.run(TestMethodWorker.java:128)\r\n\tat java.base/java.util.ArrayList.forEach(ArrayList.java:1511)\r\n\tat org.testng.TestRunner.privateRun(TestRunner.java:829)\r\n\tat org.testng.TestRunner.run(TestRunner.java:602)\r\n\tat org.testng.SuiteRunner.runTest(SuiteRunner.java:437)\r\n\tat org.testng.SuiteRunner.runSequentially(SuiteRunner.java:431)\r\n\tat org.testng.SuiteRunner.privateRun(SuiteRunner.java:391)\r\n\tat org.testng.SuiteRunner.run(SuiteRunner.java:330)\r\n\tat org.testng.SuiteRunnerWorker.runSuite(SuiteRunnerWorker.java:52)\r\n\tat org.testng.SuiteRunnerWorker.run(SuiteRunnerWorker.java:95)\r\n\tat org.testng.TestNG.runSuitesSequentially(TestNG.java:1256)\r\n\tat org.testng.TestNG.runSuitesLocally(TestNG.java:1176)\r\n\tat org.testng.TestNG.runSuites(TestNG.java:1099)\r\n\tat org.testng.TestNG.run(TestNG.java:1067)\r\n\tat com.intellij.rt.testng.IDEARemoteTestNG.run(IDEARemoteTestNG.java:66)\r\n\tat com.intellij.rt.testng.RemoteTestNGStarter.main(RemoteTestNGStarter.java:105)\r\nCaused by: com.microsoft.playwright.impl.DriverException: Error {\n  message='net::ERR_NAME_NOT_RESOLVED at https://certviewer-00.azurewebsites.net/\n=========================== logs ===========================\nnavigating to \"https://certviewer-00.azurewebsites.net/\", waiting until \"load\"\n============================================================\n  name='Error\n  stack='Error: net::ERR_NAME_NOT_RESOLVED at https://certviewer-00.azurewebsites.net/\n=========================== logs ===========================\nnavigating to \"https://certviewer-00.azurewebsites.net/\", waiting until \"load\"\n============================================================\n    at FrameSession._navigate (C:\\Users\\jjakubia\\AppData\\Local\\Temp\\playwright-java-6912801402552937580\\package\\lib\\server\\chromium\\crPage.js:509:35)\n    at async Frame._gotoAction (C:\\Users\\jjakubia\\AppData\\Local\\Temp\\playwright-java-6912801402552937580\\package\\lib\\server\\frames.js:534:28)\n    at async ProgressController.run (C:\\Users\\jjakubia\\AppData\\Local\\Temp\\playwright-java-6912801402552937580\\package\\lib\\server\\progress.js:92:22)\n    at async FrameDispatcher.goto (C:\\Users\\jjakubia\\AppData\\Local\\Temp\\playwright-java-6912801402552937580\\package\\lib\\server\\dispatchers\\frameDispatcher.js:75:103)\n    at async DispatcherConnection.dispatch (C:\\Users\\jjakubia\\AppData\\Local\\Temp\\playwright-java-6912801402552937580\\package\\lib\\server\\dispatchers\\dispatcher.js:319:22)\n}\r\n\tat com.microsoft.playwright.impl.Connection.dispatch(Connection.java:201)\r\n\tat com.microsoft.playwright.impl.Connection.processOneMessage(Connection.java:181)\r\n\tat com.microsoft.playwright.impl.ChannelOwner.runUntil(ChannelOwner.java:109)\r\n\t... 40 more\r\n"},"stage":"finished","steps":[],"attachments":[],"parameters":[],"start":1689261508905,"stop":1689261508906}